2025-08-20 15:11:28 Loading main app package /usr/lib/obsidian/obsidian.asar
2025-08-20 15:11:29 Checking for update using Github
2025-08-20 15:11:30 Success.
2025-08-20 15:11:30 Latest version is 1.9.10
2025-08-20 15:11:30 Downloading update from https://github.com/obsidianmd/obsidian-releases/releases/download/v1.9.10/obsidian-1.9.10.asar.gz
2025-08-20 15:12:43 Loading main app package /usr/lib/obsidian/obsidian.asar
2025-08-20 15:12:44 Checking for update using Github
2025-08-20 15:12:44 Success.
2025-08-20 15:12:44 Latest version is 1.9.10
2025-08-20 15:12:44 Downloading update from https://github.com/obsidianmd/obsidian-releases/releases/download/v1.9.10/obsidian-1.9.10.asar.gz
2025-08-20 15:12:49 Verifying hash & signature. Size= 9033422
2025-08-20 15:12:49 Saving file
2025-08-20 15:12:50 Update complete.
2025-08-20 15:23:35 Loading updated app package /home/valentin/.config/obsidian/obsidian-1.9.10.asar
2025-08-20 15:23:36 Checking for update using Github
2025-08-20 15:23:37 Success.
2025-08-20 15:23:37 Latest version is 1.9.10
2025-08-20 15:23:37 App is up to date.
2025-08-20 21:53:32 Loading updated app package /home/valentin/.config/obsidian/obsidian-1.9.10.asar
2025-08-20 21:53:33 Checking for update using Github
2025-08-20 21:53:33 Success.
2025-08-20 21:53:33 Latest version is 1.9.10
2025-08-20 21:53:33 App is up to date.
2025-08-20 22:53:32 Checking for update using Github
2025-08-20 22:53:32 Success.
2025-08-20 22:53:32 Latest version is 1.9.10
2025-08-20 22:53:32 App is up to date.
2025-08-21 17:46:19 Loading main app package /usr/lib/obsidian/obsidian.asar
2025-08-21 17:46:20 Checking for update using Github
2025-08-21 17:46:20 Success.
2025-08-21 17:46:20 Latest version is 1.9.10
2025-08-21 17:46:20 App is up to date.
2025-08-21 18:47:08 Loading main app package /usr/lib/obsidian/obsidian.asar
2025-08-21 18:47:09 Checking for update using Github
2025-08-21 18:47:09 Success.
2025-08-21 18:47:09 Latest version is 1.9.10
2025-08-21 18:47:09 App is up to date.
2025-08-21 18:49:13 Loading main app package /usr/lib/obsidian/obsidian.asar
2025-08-21 18:49:14 Checking for update using Github
2025-08-21 18:49:14 Success.
2025-08-21 18:49:14 Latest version is 1.9.10
2025-08-21 18:49:14 App is up to date.
2025-08-21 19:15:57 Loading main app package /usr/lib/obsidian/obsidian.asar
2025-08-21 19:15:57 Checking for update using Github
2025-08-21 19:20:41 Loading main app package /usr/lib/obsidian/obsidian.asar
2025-08-21 19:20:42 Checking for update using Github
2025-08-21 19:24:42 Failed to check for update using Github (net::ERR_TIMED_OUT)
2025-08-21 19:24:42 Checking for update using obsidian.md
2025-08-21 21:07:59 Loading main app package /usr/lib/obsidian/obsidian.asar
2025-08-21 21:07:59 Checking for update using Github
2025-08-21 21:08:00 Success.
2025-08-21 21:08:00 Latest version is 1.9.10
2025-08-21 21:08:00 App is up to date.
2025-08-21 21:18:49 Loading main app package /usr/lib/obsidian/obsidian.asar
2025-08-21 21:18:50 Checking for update using Github
2025-08-21 21:18:50 Success.
2025-08-21 21:18:50 Latest version is 1.9.10
2025-08-21 21:18:50 App is up to date.
2025-08-21 22:18:49 Checking for update using Github
2025-08-21 22:18:49 Success.
2025-08-21 22:18:49 Latest version is 1.9.10
2025-08-21 22:18:49 App is up to date.
2025-08-22 18:55:29 Loading main app package /usr/lib/obsidian/obsidian.asar
2025-08-22 18:55:30 Checking for update using Github
2025-08-22 18:55:30 Success.
2025-08-22 18:55:30 Latest version is 1.9.10
2025-08-22 18:55:30 App is up to date.
2025-08-22 19:02:10 Loading main app package /usr/lib/obsidian/obsidian.asar
2025-08-22 19:02:11 Checking for update using Github
2025-08-22 19:02:11 Success.
2025-08-22 19:02:11 Latest version is 1.9.10
2025-08-22 19:02:11 App is up to date.
2025-08-22 20:36:53 Checking for update using Github
2025-08-22 20:36:53 Success.
2025-08-22 20:36:53 Latest version is 1.9.10
2025-08-22 20:36:53 App is up to date.
2025-08-22 21:38:44 Checking for update using Github
2025-08-22 21:38:44 Success.
2025-08-22 21:38:44 Latest version is 1.9.10
2025-08-22 21:38:44 App is up to date.
2025-08-23 03:13:18 Loading main app package /usr/lib/obsidian/obsidian.asar
2025-08-23 03:13:19 Checking for update using Github
2025-08-23 03:13:19 Success.
2025-08-23 03:13:19 Latest version is 1.9.10
2025-08-23 03:13:19 App is up to date.
2025-08-23 03:59:17 Loading main app package /usr/lib/obsidian/obsidian.asar
2025-08-23 03:59:17 Checking for update using Github
2025-08-23 03:59:23 Success.
2025-08-23 03:59:23 Latest version is 1.9.10
2025-08-23 03:59:23 App is up to date.
2025-08-23 04:25:28 Loading main app package /usr/lib/obsidian/obsidian.asar
2025-08-23 04:25:29 Checking for update using Github
2025-08-23 04:25:29 Success.
2025-08-23 04:25:29 Latest version is 1.9.10
2025-08-23 04:25:29 App is up to date.
2025-08-23 19:31:55 Loading main app package /usr/lib/obsidian/obsidian.asar
2025-08-23 19:31:56 Checking for update using Github
2025-08-23 19:31:56 Success.
2025-08-23 19:31:56 Latest version is 1.9.10
2025-08-23 19:31:56 App is up to date.
2025-08-23 20:42:28 Loading main app package /usr/lib/obsidian/obsidian.asar
2025-08-23 20:42:29 Checking for update using Github
2025-08-23 20:42:29 Success.
2025-08-23 20:42:29 Latest version is 1.9.10
2025-08-23 20:42:29 App is up to date.
2025-08-23 21:42:29 Checking for update using Github
2025-08-23 21:42:29 Success.
2025-08-23 21:42:29 Latest version is 1.9.10
2025-08-23 21:42:29 App is up to date.
2025-08-23 22:42:29 Checking for update using Github
2025-08-23 22:42:29 Success.
2025-08-23 22:42:29 Latest version is 1.9.10
2025-08-23 22:42:29 App is up to date.
2025-08-25 18:46:26 Loading main app package /usr/lib/obsidian/obsidian.asar
2025-08-25 18:46:27 Checking for update using Github
2025-08-25 18:46:27 Success.
2025-08-25 18:46:27 Latest version is 1.9.10
2025-08-25 18:46:27 App is up to date.
2025-08-25 19:08:53 Loading main app package /usr/lib/obsidian/obsidian.asar
2025-08-25 19:08:53 Checking for update using Github
2025-08-25 19:08:54 Success.
2025-08-25 19:08:54 Latest version is 1.9.10
2025-08-25 19:08:54 App is up to date.
2025-08-25 20:08:53 Checking for update using Github
2025-08-25 20:08:53 Success.
2025-08-25 20:08:53 Latest version is 1.9.10
2025-08-25 20:08:53 App is up to date.
2025-08-25 21:08:54 Loading main app package /usr/lib/obsidian/obsidian.asar
2025-08-25 21:08:55 Checking for update using Github
2025-08-25 21:08:56 Success.
2025-08-25 21:08:56 Latest version is 1.9.10
2025-08-25 21:08:56 App is up to date.
2025-08-25 22:08:54 Checking for update using Github
2025-08-25 22:08:55 Success.
2025-08-25 22:08:55 Latest version is 1.9.10
2025-08-25 22:08:55 App is up to date.
2025-08-26 20:09:23 Loading main app package /usr/lib/obsidian/obsidian.asar
2025-08-26 20:09:23 Checking for update using Github
2025-08-26 20:09:24 Success.
2025-08-26 20:09:24 Latest version is 1.9.12
2025-08-26 20:09:24 Downloading update from https://github.com/obsidianmd/obsidian-releases/releases/download/v1.9.12/obsidian-1.9.12.asar.gz
2025-08-26 20:09:25 Verifying hash & signature. Size= 9033321
2025-08-26 20:09:25 Saving file
2025-08-26 20:09:26 Update complete.
2025-08-27 14:56:10 Loading updated app package /home/valentin/.config/obsidian/obsidian-1.9.12.asar
2025-08-27 14:56:11 Checking for update using Github
2025-08-27 14:56:11 Success.
2025-08-27 14:56:11 Latest version is 1.9.12
2025-08-27 14:56:11 App is up to date.
2025-08-27 17:24:32 Loading main app package /usr/lib/obsidian/obsidian.asar
2025-08-27 17:24:33 Checking for update using Github
2025-08-27 17:24:33 Success.
2025-08-27 17:24:33 Latest version is 1.9.12
2025-08-27 17:24:33 App is up to date.
2025-08-27 17:24:45 Loading main app package /usr/lib/obsidian/obsidian.asar
2025-08-27 17:24:45 Checking for update using Github
2025-08-27 17:24:45 Success.
2025-08-27 17:24:45 Latest version is 1.9.12
2025-08-27 17:24:45 App is up to date.
2025-08-27 17:25:58 Loading main app package /usr/lib/obsidian/obsidian.asar
2025-08-27 17:25:58 Checking for update using Github
2025-08-27 17:25:58 Success.
2025-08-27 17:25:58 Latest version is 1.9.12
2025-08-27 17:25:58 App is up to date.
2025-08-27 17:26:59 Loading main app package /usr/lib/obsidian/obsidian.asar
2025-08-27 17:27:00 Checking for update using Github
2025-08-27 17:27:00 Success.
2025-08-27 17:27:00 Latest version is 1.9.12
2025-08-27 17:27:00 App is up to date.
2025-08-27 18:26:59 Checking for update using Github
2025-08-27 18:27:00 Success.
2025-08-27 18:27:00 Latest version is 1.9.12
2025-08-27 18:27:00 App is up to date.
2025-08-27 19:26:59 Checking for update using Github
2025-08-27 19:27:00 Success.
2025-08-27 19:27:00 Latest version is 1.9.12
2025-08-27 19:27:00 App is up to date.
2025-08-27 21:32:21 Checking for update using Github
2025-08-27 21:32:21 Success.
2025-08-27 21:32:21 Latest version is 1.9.12
2025-08-27 21:32:21 App is up to date.
2025-08-28 01:01:05 Loading main app package /usr/lib/obsidian/obsidian.asar
2025-08-28 01:01:06 Checking for update using Github
2025-08-28 01:01:06 Success.
2025-08-28 01:01:06 Latest version is 1.9.12
2025-08-28 01:01:06 App is up to date.
2025-08-28 16:18:00 Loading main app package /usr/lib/obsidian/obsidian.asar
2025-08-28 16:18:01 Checking for update using Github
2025-08-28 16:18:01 Success.
2025-08-28 16:18:01 Latest version is 1.9.12
2025-08-28 16:18:01 App is up to date.
2025-08-28 16:52:10 Loading main app package /usr/lib/obsidian/obsidian.asar
2025-08-28 16:52:10 Checking for update using Github
2025-08-28 16:52:11 Success.
2025-08-28 16:52:11 Latest version is 1.9.12
2025-08-28 16:52:11 App is up to date.
2025-08-28 17:52:10 Checking for update using Github
2025-08-28 17:52:10 Success.
2025-08-28 17:52:10 Latest version is 1.9.12
2025-08-28 17:52:10 App is up to date.
2025-08-28 21:45:36 Loading main app package /usr/lib/obsidian/obsidian.asar
2025-08-28 21:45:37 Checking for update using Github
2025-08-28 21:45:38 Success.
2025-08-28 21:45:38 Latest version is 1.9.12
2025-08-28 21:45:38 App is up to date.
2025-08-28 22:35:33 Loading main app package /usr/lib/obsidian/obsidian.asar
2025-08-28 22:35:33 Checking for update using Github
2025-08-28 22:35:34 Success.
2025-08-28 22:35:34 Latest version is 1.9.12
2025-08-28 22:35:34 App is up to date.
2025-08-31 18:47:03 Loading main app package /usr/lib/obsidian/obsidian.asar
2025-08-31 18:47:03 Checking for update using Github
2025-08-31 18:47:04 Success.
2025-08-31 18:47:04 Latest version is 1.9.12
2025-08-31 18:47:04 App is up to date.
2025-08-31 19:24:39 Loading main app package /usr/lib/obsidian/obsidian.asar
2025-08-31 19:24:40 Checking for update using Github
2025-08-31 19:24:41 Success.
2025-08-31 19:24:41 Latest version is 1.9.12
2025-08-31 19:24:41 App is up to date.
2025-08-31 20:24:39 Checking for update using Github
2025-08-31 20:24:39 Success.
2025-08-31 20:24:39 Latest version is 1.9.12
2025-08-31 20:24:39 App is up to date.
2025-09-01 04:00:47 Loading main app package /usr/lib/obsidian/obsidian.asar
2025-09-01 04:00:48 Checking for update using Github
2025-09-01 04:00:48 Success.
2025-09-01 04:00:48 Latest version is 1.9.12
2025-09-01 04:00:48 App is up to date.
2025-09-02 19:33:09 Loading main app package /usr/lib/obsidian/obsidian.asar
2025-09-02 19:33:10 Checking for update using Github
2025-09-02 19:33:10 Success.
2025-09-02 19:33:10 Latest version is 1.9.12
2025-09-02 19:33:10 App is up to date.
2025-09-02 20:33:09 Checking for update using Github
2025-09-02 20:33:09 Success.
2025-09-02 20:33:09 Latest version is 1.9.12
2025-09-02 20:33:09 App is up to date.
2025-09-02 21:33:09 Checking for update using Github
2025-09-02 21:33:09 Success.
2025-09-02 21:33:09 Latest version is 1.9.12
2025-09-02 21:33:09 App is up to date.
2025-09-02 22:33:09 Checking for update using Github
2025-09-02 22:33:09 Success.
2025-09-02 22:33:09 Latest version is 1.9.12
2025-09-02 22:33:09 App is up to date.
2025-09-03 18:22:40 Loading main app package /usr/lib/obsidian/obsidian.asar
2025-09-03 18:22:41 Checking for update using Github
2025-09-03 18:22:41 Success.
2025-09-03 18:22:41 Latest version is 1.9.12
2025-09-03 18:22:41 App is up to date.
2025-09-04 21:15:02 Loading main app package /usr/lib/obsidian/obsidian.asar
2025-09-04 21:15:03 Checking for update using Github
2025-09-04 21:15:03 Success.
2025-09-04 21:15:03 Latest version is 1.9.12
2025-09-04 21:15:03 App is up to date.
2025-09-04 22:15:02 Checking for update using Github
2025-09-04 22:15:02 Success.
2025-09-04 22:15:02 Latest version is 1.9.12
2025-09-04 22:15:02 App is up to date.
2025-09-06 00:07:30 Loading main app package /usr/lib/obsidian/obsidian.asar
2025-09-06 00:07:30 Checking for update using Github
2025-09-06 00:07:31 Success.
2025-09-06 00:07:31 Latest version is 1.9.12
2025-09-06 00:07:31 App is up to date.
2025-09-06 00:12:08 Loading main app package /usr/lib/obsidian/obsidian.asar
2025-09-06 00:12:08 Checking for update using Github
2025-09-06 00:12:08 Success.
2025-09-06 00:12:08 Latest version is 1.9.12
2025-09-06 00:12:08 App is up to date.
2025-09-06 15:37:01 Loading main app package /usr/lib/obsidian/obsidian.asar
2025-09-06 15:37:02 Checking for update using Github
2025-09-06 15:37:03 Success.
2025-09-06 15:37:03 Latest version is 1.9.12
2025-09-06 15:37:03 App is up to date.
2025-09-06 18:59:25 Loading main app package /usr/lib/obsidian/obsidian.asar
2025-09-06 18:59:26 Checking for update using Github
2025-09-06 18:59:31 Success.
2025-09-06 18:59:31 Latest version is 1.9.12
2025-09-06 18:59:31 App is up to date.
2025-09-06 19:59:25 Checking for update using Github
2025-09-06 19:59:25 Success.
2025-09-06 19:59:25 Latest version is 1.9.12
2025-09-06 19:59:25 App is up to date.
2025-09-06 20:59:25 Checking for update using Github
2025-09-06 20:59:25 Success.
2025-09-06 20:59:25 Latest version is 1.9.12
2025-09-06 20:59:25 App is up to date.
2025-09-06 21:59:25 Checking for update using Github
2025-09-06 21:59:25 Success.
2025-09-06 21:59:25 Latest version is 1.9.12
2025-09-06 21:59:25 App is up to date.
2025-09-07 16:35:02 Loading main app package /usr/lib/obsidian/obsidian.asar
2025-09-07 16:35:03 Checking for update using Github
2025-09-07 16:35:03 Success.
2025-09-07 16:35:03 Latest version is 1.9.12
2025-09-07 16:35:03 App is up to date.
2025-09-07 16:38:55 Loading main app package /usr/lib/obsidian/obsidian.asar
2025-09-07 16:38:56 Checking for update using Github
2025-09-07 16:38:56 Success.
2025-09-07 16:38:56 Latest version is 1.9.12
2025-09-07 16:38:56 App is up to date.
2025-09-07 17:32:32 Loading main app package /usr/lib/obsidian/obsidian.asar
2025-09-07 17:32:33 Checking for update using Github
2025-09-07 17:32:34 Success.
2025-09-07 17:32:34 Latest version is 1.9.12
2025-09-07 17:32:34 App is up to date.
2025-09-07 18:35:04 Loading main app package /usr/lib/obsidian/obsidian.asar
2025-09-07 18:35:04 Checking for update using Github
2025-09-07 18:35:09 Success.
2025-09-07 18:35:09 Latest version is 1.9.12
2025-09-07 18:35:09 App is up to date.
2025-09-08 02:05:21 Loading main app package /usr/lib/obsidian/obsidian.asar
2025-09-08 02:05:22 Checking for update using Github
2025-09-08 02:05:23 Success.
2025-09-08 02:05:23 Latest version is 1.9.12
2025-09-08 02:05:23 App is up to date.
2025-09-08 13:33:26 Loading main app package /usr/lib/obsidian/obsidian.asar
2025-09-08 13:33:27 Checking for update using Github
2025-09-08 13:33:32 Success.
2025-09-08 13:33:32 Latest version is 1.9.12
2025-09-08 13:33:32 App is up to date.
2025-09-08 16:45:55 Loading main app package /usr/lib/obsidian/obsidian.asar
2025-09-08 16:45:56 Checking for update using Github
2025-09-08 16:46:01 Success.
2025-09-08 16:46:01 Latest version is 1.9.12
2025-09-08 16:46:01 App is up to date.
2025-09-08 16:53:21 Loading main app package /usr/lib/obsidian/obsidian.asar
2025-09-08 16:53:22 Checking for update using Github
2025-09-08 16:53:23 Success.
2025-09-08 16:53:23 Latest version is 1.9.12
2025-09-08 16:53:23 App is up to date.
2025-09-09 12:30:01 Loading main app package /usr/lib/obsidian/obsidian.asar
2025-09-09 12:30:02 Checking for update using Github
2025-09-09 12:30:03 Success.
2025-09-09 12:30:03 Latest version is 1.9.12
2025-09-09 12:30:03 App is up to date.
2025-09-09 13:00:16 Loading main app package /usr/lib/obsidian/obsidian.asar
2025-09-09 13:00:17 Checking for update using Github
2025-09-09 13:00:17 Success.
2025-09-09 13:00:17 Latest version is 1.9.12
2025-09-09 13:00:17 App is up to date.
2025-09-09 14:00:16 Checking for update using Github
2025-09-09 14:00:16 Success.
2025-09-09 14:00:16 Latest version is 1.9.12
2025-09-09 14:00:16 App is up to date.
2025-09-09 18:36:20 Loading main app package /usr/lib/obsidian/obsidian.asar
2025-09-09 18:36:20 Checking for update using Github
2025-09-09 18:36:21 Success.
2025-09-09 18:36:21 Latest version is 1.9.12
2025-09-09 18:36:21 App is up to date.
2025-09-09 22:22:53 Loading main app package /usr/lib/obsidian/obsidian.asar
2025-09-09 22:22:53 Checking for update using Github
2025-09-09 22:22:53 Success.
2025-09-09 22:22:53 Latest version is 1.9.12
2025-09-09 22:22:53 App is up to date.
2025-09-09 23:22:53 Checking for update using Github
2025-09-09 23:22:53 Success.
2025-09-09 23:22:53 Latest version is 1.9.12
2025-09-09 23:22:53 App is up to date.
2025-09-10 16:54:20 Loading main app package /usr/lib/obsidian/obsidian.asar
2025-09-10 16:54:21 Checking for update using Github
2025-09-10 16:54:21 Success.
2025-09-10 16:54:21 Latest version is 1.9.12
2025-09-10 16:54:21 App is up to date.
2025-09-10 21:40:52 Loading main app package /usr/lib/obsidian/obsidian.asar
2025-09-10 21:40:53 Checking for update using Github
2025-09-10 21:40:54 Success.
2025-09-10 21:40:54 Latest version is 1.9.12
2025-09-10 21:40:54 App is up to date.
2025-09-10 22:40:52 Checking for update using Github
2025-09-10 22:40:53 Success.
2025-09-10 22:40:53 Latest version is 1.9.12
2025-09-10 22:40:53 App is up to date.
